{"C:\\Users\\Dmitry_Emelianov\\projects\\github\\nodejs-homework\\homework_2_3\\src\\config\\constants.js": {"path":"C:\\Users\\Dmitry_Emelianov\\projects\\github\\nodejs-homework\\homework_2_3\\src\\config\\constants.js","statementMap":{"0":{"start":{"line":3,"column":0},"end":{"line":5,"column":1}},"1":{"start":{"line":4,"column":2},"end":{"line":4,"column":18}},"2":{"start":{"line":7,"column":20},"end":{"line":7,"column":36}},"3":{"start":{"line":8,"column":28},"end":{"line":8,"column":52}},"4":{"start":{"line":10,"column":26},"end":{"line":16,"column":1}}},"fnMap":{},"branchMap":{"0":{"loc":{"start":{"line":3,"column":0},"end":{"line":5,"column":1}},"type":"if","locations":[{"start":{"line":3,"column":0},"end":{"line":5,"column":1}},{"start":{},"end":{}}],"line":3}},"s":{"0":1,"1":1,"2":1,"3":1,"4":1},"f":{},"b":{"0":[1,0]},"_coverageSchema":"1a1c01bbd47fc00a2c39e90264f33305004495a9","hash":"464352a02fc16e5dc3f4b8caa348d2b4badd6e1b"}
,"C:\\Users\\Dmitry_Emelianov\\projects\\github\\nodejs-homework\\homework_2_3\\src\\config\\database.js": {"path":"C:\\Users\\Dmitry_Emelianov\\projects\\github\\nodejs-homework\\homework_2_3\\src\\config\\database.js","statementMap":{"0":{"start":{"line":4,"column":24},"end":{"line":11,"column":2}}},"fnMap":{},"branchMap":{},"s":{"0":1},"f":{},"b":{},"_coverageSchema":"1a1c01bbd47fc00a2c39e90264f33305004495a9","hash":"b240af67b94874f30a756e2a2a454ff5ac5d786a"}
,"C:\\Users\\Dmitry_Emelianov\\projects\\github\\nodejs-homework\\homework_2_3\\src\\controllers\\user.js": {"path":"C:\\Users\\Dmitry_Emelianov\\projects\\github\\nodejs-homework\\homework_2_3\\src\\controllers\\user.js","statementMap":{"0":{"start":{"line":3,"column":20},"end":{"line":3,"column":39}},"1":{"start":{"line":5,"column":27},"end":{"line":18,"column":1}},"2":{"start":{"line":6,"column":2},"end":{"line":17,"column":3}},"3":{"start":{"line":7,"column":19},"end":{"line":7,"column":29}},"4":{"start":{"line":8,"column":24},"end":{"line":8,"column":50}},"5":{"start":{"line":9,"column":4},"end":{"line":13,"column":5}},"6":{"start":{"line":10,"column":6},"end":{"line":10,"column":28}},"7":{"start":{"line":12,"column":6},"end":{"line":12,"column":46}},"8":{"start":{"line":15,"column":4},"end":{"line":15,"column":23}},"9":{"start":{"line":16,"column":4},"end":{"line":16,"column":24}},"10":{"start":{"line":20,"column":26},"end":{"line":29,"column":1}},"11":{"start":{"line":21,"column":2},"end":{"line":28,"column":3}},"12":{"start":{"line":22,"column":37},"end":{"line":22,"column":45}},"13":{"start":{"line":23,"column":20},"end":{"line":23,"column":67}},"14":{"start":{"line":24,"column":4},"end":{"line":24,"column":22}},"15":{"start":{"line":26,"column":4},"end":{"line":26,"column":23}},"16":{"start":{"line":27,"column":4},"end":{"line":27,"column":24}},"17":{"start":{"line":31,"column":30},"end":{"line":44,"column":1}},"18":{"start":{"line":32,"column":2},"end":{"line":43,"column":3}},"19":{"start":{"line":33,"column":41},"end":{"line":33,"column":49}},"20":{"start":{"line":34,"column":24},"end":{"line":34,"column":79}},"21":{"start":{"line":35,"column":4},"end":{"line":39,"column":5}},"22":{"start":{"line":36,"column":6},"end":{"line":36,"column":28}},"23":{"start":{"line":38,"column":6},"end":{"line":38,"column":46}},"24":{"start":{"line":41,"column":4},"end":{"line":41,"column":23}},"25":{"start":{"line":42,"column":4},"end":{"line":42,"column":24}},"26":{"start":{"line":46,"column":35},"end":{"line":57,"column":1}},"27":{"start":{"line":47,"column":2},"end":{"line":56,"column":3}},"28":{"start":{"line":48,"column":38},"end":{"line":48,"column":47}},"29":{"start":{"line":50,"column":25},"end":{"line":50,"column":74}},"30":{"start":{"line":52,"column":4},"end":{"line":52,"column":27}},"31":{"start":{"line":54,"column":4},"end":{"line":54,"column":23}},"32":{"start":{"line":55,"column":4},"end":{"line":55,"column":24}},"33":{"start":{"line":59,"column":26},"end":{"line":73,"column":1}},"34":{"start":{"line":60,"column":2},"end":{"line":72,"column":3}},"35":{"start":{"line":61,"column":19},"end":{"line":61,"column":29}},"36":{"start":{"line":62,"column":24},"end":{"line":62,"column":50}},"37":{"start":{"line":63,"column":4},"end":{"line":68,"column":5}},"38":{"start":{"line":64,"column":6},"end":{"line":64,"column":32}},"39":{"start":{"line":65,"column":6},"end":{"line":65,"column":26}},"40":{"start":{"line":67,"column":6},"end":{"line":67,"column":50}},"41":{"start":{"line":70,"column":4},"end":{"line":70,"column":23}},"42":{"start":{"line":71,"column":4},"end":{"line":71,"column":24}}},"fnMap":{"0":{"name":"(anonymous_0)","decl":{"start":{"line":5,"column":27},"end":{"line":5,"column":28}},"loc":{"start":{"line":5,"column":47},"end":{"line":18,"column":1}},"line":5},"1":{"name":"(anonymous_1)","decl":{"start":{"line":20,"column":26},"end":{"line":20,"column":27}},"loc":{"start":{"line":20,"column":46},"end":{"line":29,"column":1}},"line":20},"2":{"name":"(anonymous_2)","decl":{"start":{"line":31,"column":30},"end":{"line":31,"column":31}},"loc":{"start":{"line":31,"column":50},"end":{"line":44,"column":1}},"line":31},"3":{"name":"(anonymous_3)","decl":{"start":{"line":46,"column":35},"end":{"line":46,"column":36}},"loc":{"start":{"line":46,"column":55},"end":{"line":57,"column":1}},"line":46},"4":{"name":"(anonymous_4)","decl":{"start":{"line":59,"column":26},"end":{"line":59,"column":27}},"loc":{"start":{"line":59,"column":46},"end":{"line":73,"column":1}},"line":59}},"branchMap":{"0":{"loc":{"start":{"line":9,"column":4},"end":{"line":13,"column":5}},"type":"if","locations":[{"start":{"line":9,"column":4},"end":{"line":13,"column":5}},{"start":{"line":11,"column":11},"end":{"line":13,"column":5}}],"line":9},"1":{"loc":{"start":{"line":35,"column":4},"end":{"line":39,"column":5}},"type":"if","locations":[{"start":{"line":35,"column":4},"end":{"line":39,"column":5}},{"start":{"line":37,"column":11},"end":{"line":39,"column":5}}],"line":35},"2":{"loc":{"start":{"line":63,"column":4},"end":{"line":68,"column":5}},"type":"if","locations":[{"start":{"line":63,"column":4},"end":{"line":68,"column":5}},{"start":{"line":66,"column":11},"end":{"line":68,"column":5}}],"line":63}},"s":{"0":1,"1":1,"2":1,"3":1,"4":1,"5":1,"6":1,"7":0,"8":0,"9":0,"10":1,"11":1,"12":1,"13":1,"14":1,"15":0,"16":0,"17":1,"18":1,"19":1,"20":1,"21":1,"22":1,"23":0,"24":0,"25":0,"26":1,"27":1,"28":1,"29":1,"30":1,"31":0,"32":0,"33":1,"34":1,"35":1,"36":1,"37":1,"38":1,"39":1,"40":0,"41":0,"42":0},"f":{"0":1,"1":1,"2":1,"3":1,"4":1},"b":{"0":[1,0],"1":[1,0],"2":[1,0]},"_coverageSchema":"1a1c01bbd47fc00a2c39e90264f33305004495a9","hash":"84aa1b1043928eed51b4ffa7ce3de28761585dc7"}
,"C:\\Users\\Dmitry_Emelianov\\projects\\github\\nodejs-homework\\homework_2_3\\src\\models\\user.js": {"path":"C:\\Users\\Dmitry_Emelianov\\projects\\github\\nodejs-homework\\homework_2_3\\src\\models\\user.js","statementMap":{"0":{"start":{"line":4,"column":20},"end":{"line":36,"column":1}}},"fnMap":{},"branchMap":{},"s":{"0":1},"f":{},"b":{},"_coverageSchema":"1a1c01bbd47fc00a2c39e90264f33305004495a9","hash":"d997cdf3b018f08b6e7b5ccc59761fdd986e81e0"}
,"C:\\Users\\Dmitry_Emelianov\\projects\\github\\nodejs-homework\\homework_2_3\\src\\services\\user.service.js": {"path":"C:\\Users\\Dmitry_Emelianov\\projects\\github\\nodejs-homework\\homework_2_3\\src\\services\\user.service.js","statementMap":{"0":{"start":{"line":15,"column":24},"end":{"line":19,"column":6}},"1":{"start":{"line":20,"column":4},"end":{"line":20,"column":23}},"2":{"start":{"line":24,"column":4},"end":{"line":29,"column":6}},"3":{"start":{"line":33,"column":15},"end":{"line":33,"column":23}},"4":{"start":{"line":34,"column":20},"end":{"line":40,"column":6}},"5":{"start":{"line":41,"column":4},"end":{"line":41,"column":19}},"6":{"start":{"line":45,"column":17},"end":{"line":45,"column":43}},"7":{"start":{"line":47,"column":24},"end":{"line":52,"column":49}},"8":{"start":{"line":52,"column":17},"end":{"line":52,"column":48}},"9":{"start":{"line":54,"column":4},"end":{"line":54,"column":23}},"10":{"start":{"line":58,"column":24},"end":{"line":64,"column":6}},"11":{"start":{"line":66,"column":4},"end":{"line":66,"column":23}},"12":{"start":{"line":72,"column":4},"end":{"line":72,"column":23}},"13":{"start":{"line":76,"column":24},"end":{"line":76,"column":38}},"14":{"start":{"line":77,"column":4},"end":{"line":77,"column":23}},"15":{"start":{"line":81,"column":24},"end":{"line":81,"column":38}},"16":{"start":{"line":82,"column":4},"end":{"line":82,"column":34}},"17":{"start":{"line":82,"column":22},"end":{"line":82,"column":34}},"18":{"start":{"line":83,"column":4},"end":{"line":83,"column":57}},"19":{"start":{"line":84,"column":4},"end":{"line":84,"column":26}},"20":{"start":{"line":88,"column":15},"end":{"line":88,"column":23}},"21":{"start":{"line":89,"column":20},"end":{"line":95,"column":5}},"22":{"start":{"line":96,"column":4},"end":{"line":96,"column":29}},"23":{"start":{"line":97,"column":4},"end":{"line":97,"column":26}},"24":{"start":{"line":101,"column":24},"end":{"line":101,"column":38}},"25":{"start":{"line":102,"column":4},"end":{"line":102,"column":34}},"26":{"start":{"line":102,"column":22},"end":{"line":102,"column":34}},"27":{"start":{"line":104,"column":4},"end":{"line":109,"column":6}},"28":{"start":{"line":110,"column":4},"end":{"line":110,"column":26}},"29":{"start":{"line":114,"column":20},"end":{"line":114,"column":43}},"30":{"start":{"line":115,"column":25},"end":{"line":115,"column":27}},"31":{"start":{"line":117,"column":4},"end":{"line":127,"column":5}},"32":{"start":{"line":118,"column":14},"end":{"line":118,"column":15}},"33":{"start":{"line":122,"column":24},"end":{"line":122,"column":34}},"34":{"start":{"line":123,"column":26},"end":{"line":123,"column":47}},"35":{"start":{"line":124,"column":6},"end":{"line":126,"column":7}},"36":{"start":{"line":125,"column":8},"end":{"line":125,"column":39}},"37":{"start":{"line":129,"column":4},"end":{"line":129,"column":24}},"38":{"start":{"line":133,"column":27},"end":{"line":133,"column":44}}},"fnMap":{"0":{"name":"(anonymous_0)","decl":{"start":{"line":14,"column":2},"end":{"line":14,"column":3}},"loc":{"start":{"line":14,"column":24},"end":{"line":21,"column":3}},"line":14},"1":{"name":"(anonymous_1)","decl":{"start":{"line":23,"column":2},"end":{"line":23,"column":3}},"loc":{"start":{"line":23,"column":23},"end":{"line":30,"column":3}},"line":23},"2":{"name":"(anonymous_2)","decl":{"start":{"line":32,"column":2},"end":{"line":32,"column":3}},"loc":{"start":{"line":32,"column":45},"end":{"line":42,"column":3}},"line":32},"3":{"name":"(anonymous_3)","decl":{"start":{"line":44,"column":2},"end":{"line":44,"column":3}},"loc":{"start":{"line":44,"column":53},"end":{"line":55,"column":3}},"line":44},"4":{"name":"(anonymous_4)","decl":{"start":{"line":52,"column":11},"end":{"line":52,"column":12}},"loc":{"start":{"line":52,"column":17},"end":{"line":52,"column":48}},"line":52},"5":{"name":"(anonymous_5)","decl":{"start":{"line":57,"column":2},"end":{"line":57,"column":3}},"loc":{"start":{"line":57,"column":47},"end":{"line":67,"column":3}},"line":57},"6":{"name":"(anonymous_6)","decl":{"start":{"line":71,"column":2},"end":{"line":71,"column":3}},"loc":{"start":{"line":71,"column":21},"end":{"line":73,"column":3}},"line":71},"7":{"name":"(anonymous_7)","decl":{"start":{"line":75,"column":2},"end":{"line":75,"column":3}},"loc":{"start":{"line":75,"column":24},"end":{"line":78,"column":3}},"line":75},"8":{"name":"(anonymous_8)","decl":{"start":{"line":80,"column":2},"end":{"line":80,"column":3}},"loc":{"start":{"line":80,"column":23},"end":{"line":85,"column":3}},"line":80},"9":{"name":"(anonymous_9)","decl":{"start":{"line":87,"column":2},"end":{"line":87,"column":3}},"loc":{"start":{"line":87,"column":45},"end":{"line":98,"column":3}},"line":87},"10":{"name":"(anonymous_10)","decl":{"start":{"line":100,"column":2},"end":{"line":100,"column":3}},"loc":{"start":{"line":100,"column":53},"end":{"line":111,"column":3}},"line":100},"11":{"name":"(anonymous_11)","decl":{"start":{"line":113,"column":2},"end":{"line":113,"column":3}},"loc":{"start":{"line":113,"column":47},"end":{"line":130,"column":3}},"line":113}},"branchMap":{"0":{"loc":{"start":{"line":82,"column":4},"end":{"line":82,"column":34}},"type":"if","locations":[{"start":{"line":82,"column":4},"end":{"line":82,"column":34}},{"start":{},"end":{}}],"line":82},"1":{"loc":{"start":{"line":102,"column":4},"end":{"line":102,"column":34}},"type":"if","locations":[{"start":{"line":102,"column":4},"end":{"line":102,"column":34}},{"start":{},"end":{}}],"line":102},"2":{"loc":{"start":{"line":119,"column":6},"end":{"line":119,"column":60}},"type":"binary-expr","locations":[{"start":{"line":119,"column":6},"end":{"line":119,"column":38}},{"start":{"line":119,"column":42},"end":{"line":119,"column":60}}],"line":119},"3":{"loc":{"start":{"line":124,"column":6},"end":{"line":126,"column":7}},"type":"if","locations":[{"start":{"line":124,"column":6},"end":{"line":126,"column":7}},{"start":{},"end":{}}],"line":124}},"s":{"0":0,"1":0,"2":1,"3":0,"4":0,"5":0,"6":0,"7":0,"8":0,"9":0,"10":0,"11":0,"12":0,"13":0,"14":0,"15":0,"16":0,"17":0,"18":0,"19":0,"20":0,"21":0,"22":0,"23":0,"24":0,"25":0,"26":0,"27":0,"28":0,"29":0,"30":0,"31":0,"32":0,"33":0,"34":0,"35":0,"36":0,"37":0,"38":1},"f":{"0":0,"1":1,"2":0,"3":0,"4":0,"5":0,"6":0,"7":0,"8":0,"9":0,"10":0,"11":0},"b":{"0":[0,0],"1":[0,0],"2":[0,0],"3":[0,0]},"_coverageSchema":"1a1c01bbd47fc00a2c39e90264f33305004495a9","hash":"bf02eba7c5a508f32512b6310bbe06bbe24f78e5"}
}
