{"total": {"lines":{"total":87,"covered":50,"skipped":0,"pct":57.47},"statements":{"total":89,"covered":50,"skipped":0,"pct":56.17},"functions":{"total":17,"covered":6,"skipped":0,"pct":35.29},"branches":{"total":16,"covered":5,"skipped":0,"pct":31.25},"branchesTrue":{"total":0,"covered":0,"skipped":0,"pct":100}}
,"C:\\Users\\Dmitry_Emelianov\\projects\\github\\nodejs-homework\\homework_2_3\\src\\config\\constants.js": {"lines":{"total":5,"covered":5,"skipped":0,"pct":100},"functions":{"total":0,"covered":0,"skipped":0,"pct":100},"statements":{"total":5,"covered":5,"skipped":0,"pct":100},"branches":{"total":2,"covered":1,"skipped":0,"pct":50}}
,"C:\\Users\\Dmitry_Emelianov\\projects\\github\\nodejs-homework\\homework_2_3\\src\\config\\database.js": {"lines":{"total":1,"covered":1,"skipped":0,"pct":100},"functions":{"total":0,"covered":0,"skipped":0,"pct":100},"statements":{"total":1,"covered":1,"skipped":0,"pct":100},"branches":{"total":0,"covered":0,"skipped":0,"pct":100}}
,"C:\\Users\\Dmitry_Emelianov\\projects\\github\\nodejs-homework\\homework_2_3\\src\\controllers\\user.js": {"lines":{"total":43,"covered":41,"skipped":0,"pct":95.34},"functions":{"total":5,"covered":5,"skipped":0,"pct":100},"statements":{"total":43,"covered":41,"skipped":0,"pct":95.34},"branches":{"total":6,"covered":4,"skipped":0,"pct":66.66}}
,"C:\\Users\\Dmitry_Emelianov\\projects\\github\\nodejs-homework\\homework_2_3\\src\\models\\user.js": {"lines":{"total":1,"covered":1,"skipped":0,"pct":100},"functions":{"total":0,"covered":0,"skipped":0,"pct":100},"statements":{"total":1,"covered":1,"skipped":0,"pct":100},"branches":{"total":0,"covered":0,"skipped":0,"pct":100}}
,"C:\\Users\\Dmitry_Emelianov\\projects\\github\\nodejs-homework\\homework_2_3\\src\\services\\user.service.js": {"lines":{"total":37,"covered":2,"skipped":0,"pct":5.4},"functions":{"total":12,"covered":1,"skipped":0,"pct":8.33},"statements":{"total":39,"covered":2,"skipped":0,"pct":5.12},"branches":{"total":8,"covered":0,"skipped":0,"pct":0}}
}
