{"total": {"lines":{"total":172,"covered":84,"skipped":0,"pct":48.83},"statements":{"total":175,"covered":84,"skipped":0,"pct":48},"functions":{"total":30,"covered":13,"skipped":0,"pct":43.33},"branches":{"total":28,"covered":5,"skipped":0,"pct":17.85},"branchesTrue":{"total":0,"covered":0,"skipped":0,"pct":100}}
,"C:\\Users\\Dmitry_Emelianov\\projects\\github\\nodejs-homework\\homework_2_3\\src\\config\\constants.js": {"lines":{"total":5,"covered":5,"skipped":0,"pct":100},"functions":{"total":0,"covered":0,"skipped":0,"pct":100},"statements":{"total":5,"covered":5,"skipped":0,"pct":100},"branches":{"total":2,"covered":1,"skipped":0,"pct":50}}
,"C:\\Users\\Dmitry_Emelianov\\projects\\github\\nodejs-homework\\homework_2_3\\src\\config\\database.js": {"lines":{"total":1,"covered":1,"skipped":0,"pct":100},"functions":{"total":0,"covered":0,"skipped":0,"pct":100},"statements":{"total":1,"covered":1,"skipped":0,"pct":100},"branches":{"total":0,"covered":0,"skipped":0,"pct":100}}
,"C:\\Users\\Dmitry_Emelianov\\projects\\github\\nodejs-homework\\homework_2_3\\src\\controllers\\group.js": {"lines":{"total":48,"covered":30,"skipped":0,"pct":62.5},"functions":{"total":6,"covered":6,"skipped":0,"pct":100},"statements":{"total":48,"covered":30,"skipped":0,"pct":62.5},"branches":{"total":6,"covered":0,"skipped":0,"pct":0}}
,"C:\\Users\\Dmitry_Emelianov\\projects\\github\\nodejs-homework\\homework_2_3\\src\\controllers\\user.js": {"lines":{"total":43,"covered":41,"skipped":0,"pct":95.34},"functions":{"total":5,"covered":5,"skipped":0,"pct":100},"statements":{"total":43,"covered":41,"skipped":0,"pct":95.34},"branches":{"total":6,"covered":4,"skipped":0,"pct":66.66}}
,"C:\\Users\\Dmitry_Emelianov\\projects\\github\\nodejs-homework\\homework_2_3\\src\\models\\group.js": {"lines":{"total":1,"covered":1,"skipped":0,"pct":100},"functions":{"total":0,"covered":0,"skipped":0,"pct":100},"statements":{"total":1,"covered":1,"skipped":0,"pct":100},"branches":{"total":0,"covered":0,"skipped":0,"pct":100}}
,"C:\\Users\\Dmitry_Emelianov\\projects\\github\\nodejs-homework\\homework_2_3\\src\\models\\user-group.js": {"lines":{"total":1,"covered":1,"skipped":0,"pct":100},"functions":{"total":0,"covered":0,"skipped":0,"pct":100},"statements":{"total":1,"covered":1,"skipped":0,"pct":100},"branches":{"total":0,"covered":0,"skipped":0,"pct":100}}
,"C:\\Users\\Dmitry_Emelianov\\projects\\github\\nodejs-homework\\homework_2_3\\src\\models\\user.js": {"lines":{"total":1,"covered":1,"skipped":0,"pct":100},"functions":{"total":0,"covered":0,"skipped":0,"pct":100},"statements":{"total":1,"covered":1,"skipped":0,"pct":100},"branches":{"total":0,"covered":0,"skipped":0,"pct":100}}
,"C:\\Users\\Dmitry_Emelianov\\projects\\github\\nodejs-homework\\homework_2_3\\src\\services\\group.service.js": {"lines":{"total":35,"covered":2,"skipped":0,"pct":5.71},"functions":{"total":7,"covered":1,"skipped":0,"pct":14.28},"statements":{"total":36,"covered":2,"skipped":0,"pct":5.55},"branches":{"total":6,"covered":0,"skipped":0,"pct":0}}
,"C:\\Users\\Dmitry_Emelianov\\projects\\github\\nodejs-homework\\homework_2_3\\src\\services\\user.service.js": {"lines":{"total":37,"covered":2,"skipped":0,"pct":5.4},"functions":{"total":12,"covered":1,"skipped":0,"pct":8.33},"statements":{"total":39,"covered":2,"skipped":0,"pct":5.12},"branches":{"total":8,"covered":0,"skipped":0,"pct":0}}
}
