TN:
SF:src\config\constants.js
FNF:0
FNH:0
DA:3,1
DA:4,1
DA:7,1
DA:8,1
DA:10,1
LF:5
LH:5
BRDA:3,0,0,1
BRDA:3,0,1,0
BRF:2
BRH:1
end_of_record
TN:
SF:src\config\database.js
FNF:0
FNH:0
DA:4,1
LF:1
LH:1
BRF:0
BRH:0
end_of_record
TN:
SF:src\controllers\user.js
FN:5,(anonymous_0)
FN:20,(anonymous_1)
FN:31,(anonymous_2)
FN:46,(anonymous_3)
FN:59,(anonymous_4)
FNF:5
FNH:5
FNDA:2,(anonymous_0)
FNDA:2,(anonymous_1)
FNDA:2,(anonymous_2)
FNDA:2,(anonymous_3)
FNDA:3,(anonymous_4)
DA:3,1
DA:5,1
DA:6,2
DA:7,2
DA:8,1
DA:9,1
DA:10,1
DA:12,0
DA:15,1
DA:16,1
DA:20,1
DA:21,2
DA:22,2
DA:23,1
DA:24,1
DA:26,1
DA:27,1
DA:31,1
DA:32,2
DA:33,2
DA:34,1
DA:35,1
DA:36,1
DA:38,0
DA:41,1
DA:42,1
DA:46,1
DA:47,2
DA:48,2
DA:50,1
DA:52,1
DA:54,1
DA:55,1
DA:59,1
DA:60,3
DA:61,3
DA:62,2
DA:63,2
DA:64,1
DA:65,1
DA:67,1
DA:70,1
DA:71,1
LF:43
LH:41
BRDA:9,0,0,1
BRDA:9,0,1,0
BRDA:35,1,0,1
BRDA:35,1,1,0
BRDA:63,2,0,1
BRDA:63,2,1,1
BRF:6
BRH:4
end_of_record
TN:
SF:src\models\user.js
FNF:0
FNH:0
DA:4,1
LF:1
LH:1
BRF:0
BRH:0
end_of_record
TN:
SF:src\services\user.service.js
FN:14,(anonymous_0)
FN:23,(anonymous_1)
FN:32,(anonymous_2)
FN:44,(anonymous_3)
FN:52,(anonymous_4)
FN:57,(anonymous_5)
FN:71,(anonymous_6)
FN:75,(anonymous_7)
FN:80,(anonymous_8)
FN:87,(anonymous_9)
FN:100,(anonymous_10)
FN:113,(anonymous_11)
FNF:12
FNH:1
FNDA:0,(anonymous_0)
FNDA:1,(anonymous_1)
FNDA:0,(anonymous_2)
FNDA:0,(anonymous_3)
FNDA:0,(anonymous_4)
FNDA:0,(anonymous_5)
FNDA:0,(anonymous_6)
FNDA:0,(anonymous_7)
FNDA:0,(anonymous_8)
FNDA:0,(anonymous_9)
FNDA:0,(anonymous_10)
FNDA:0,(anonymous_11)
DA:15,0
DA:20,0
DA:24,1
DA:33,0
DA:34,0
DA:41,0
DA:45,0
DA:47,0
DA:52,0
DA:54,0
DA:58,0
DA:66,0
DA:72,0
DA:76,0
DA:77,0
DA:81,0
DA:82,0
DA:83,0
DA:84,0
DA:88,0
DA:89,0
DA:96,0
DA:97,0
DA:101,0
DA:102,0
DA:104,0
DA:110,0
DA:114,0
DA:115,0
DA:117,0
DA:118,0
DA:122,0
DA:123,0
DA:124,0
DA:125,0
DA:129,0
DA:133,1
LF:37
LH:2
BRDA:82,0,0,0
BRDA:82,0,1,0
BRDA:102,1,0,0
BRDA:102,1,1,0
BRDA:119,2,0,0
BRDA:119,2,1,0
BRDA:124,3,0,0
BRDA:124,3,1,0
BRF:8
BRH:0
end_of_record
